<?xml version="1.0" encoding="UTF-8"?>
<!-- Generated by org.testng.reporters.JUnitReportReporter -->
<testsuite skipped="0" hostname="IP-C6136007" name="searchGoogle.searchTest" tests="2" failures="0" timestamp="24 Nov 2016 16:04:39 GMT" time="1.597" errors="0">
  <testcase name="f" time="0.307" classname="searchGoogle.searchTest"/>
  <testcase name="f" time="1.290" classname="searchGoogle.searchTest"/>
</testsuite> <!-- searchGoogle.searchTest -->
