<?xml version="1.0" encoding="UTF-8"?>
<!-- Generated by org.testng.reporters.JUnitReportReporter -->
<testsuite skipped="0" hostname="IP-C6136007" name="searchGoogle.searchTest" tests="2" failures="0" timestamp="24 Nov 2016 18:23:05 GMT" time="0.488" errors="0">
  <testcase name="f" time="0.256" classname="searchGoogle.searchTest"/>
  <testcase name="f" time="0.232" classname="searchGoogle.searchTest"/>
</testsuite> <!-- searchGoogle.searchTest -->
