<?xml version="1.0" encoding="UTF-8"?>
<!-- Generated by org.testng.reporters.JUnitReportReporter -->
<testsuite skipped="0" hostname="IP-C6136007" name="searchGoogle.searchTest" tests="2" failures="0" timestamp="23 Nov 2016 10:48:05 GMT" time="0.355" errors="0">
  <testcase name="f" time="0.148" classname="searchGoogle.searchTest"/>
  <testcase name="f" time="0.207" classname="searchGoogle.searchTest"/>
</testsuite> <!-- searchGoogle.searchTest -->
