<?xml version="1.0" encoding="UTF-8"?>
<!-- Generated by org.testng.reporters.JUnitReportReporter -->
<testsuite skipped="0" hostname="IP-C6136007" name="searchGoogle.searchTest" tests="2" failures="0" timestamp="24 Nov 2016 15:42:55 GMT" time="0.500" errors="0">
  <testcase name="f" time="0.282" classname="searchGoogle.searchTest"/>
  <testcase name="f" time="0.218" classname="searchGoogle.searchTest"/>
</testsuite> <!-- searchGoogle.searchTest -->
