<?xml version="1.0" encoding="UTF-8"?>
<!-- Generated by org.testng.reporters.JUnitReportReporter -->
<testsuite skipped="3" hostname="IP-C6136007" name="firstTestSelenium.NewTest" tests="6" failures="0" timestamp="22 Nov 2016 09:33:02 GMT" time="0.006" errors="3">
  <testcase name="f" time="0.002" classname="firstTestSelenium.NewTest">
    <skipped/>
  </testcase> <!-- f -->
  <testcase name="testBrowser" time="0.000" classname="firstTestSelenium.NewTest">
    <error type="java.lang.Exception" message="Browser is not correct">
      <![CDATA[java.lang.Exception: Browser is not correct
	at firstTestSelenium.NewTest.testBrowser(NewTest.java:54)
	at sun.reflect.NativeMethodAccessorImpl.invoke0(Native Method)
	at sun.reflect.NativeMethodAccessorImpl.invoke(Unknown Source)
	at sun.reflect.DelegatingMethodAccessorImpl.invoke(Unknown Source)
	at java.lang.reflect.Method.invoke(Unknown Source)
	at org.testng.internal.MethodInvocationHelper.invokeMethod(MethodInvocationHelper.java:100)
	at org.testng.internal.Invoker.invokeConfigurationMethod(Invoker.java:515)
	at org.testng.internal.Invoker.invokeConfigurations(Invoker.java:216)
	at org.testng.internal.Invoker.invokeMethod(Invoker.java:590)
	at org.testng.internal.Invoker.invokeTestMethod(Invoker.java:811)
	at org.testng.internal.Invoker.invokeTestMethods(Invoker.java:1137)
	at org.testng.internal.TestMethodWorker.invokeTestMethods(TestMethodWorker.java:129)
	at org.testng.internal.TestMethodWorker.run(TestMethodWorker.java:112)
	at org.testng.TestRunner.privateRun(TestRunner.java:753)
	at org.testng.TestRunner.run(TestRunner.java:607)
	at org.testng.SuiteRunner.runTest(SuiteRunner.java:368)
	at org.testng.SuiteRunner.runSequentially(SuiteRunner.java:363)
	at org.testng.SuiteRunner.privateRun(SuiteRunner.java:321)
	at org.testng.SuiteRunner.run(SuiteRunner.java:270)
	at org.testng.SuiteRunnerWorker.runSuite(SuiteRunnerWorker.java:52)
	at org.testng.SuiteRunnerWorker.run(SuiteRunnerWorker.java:86)
	at org.testng.TestNG.runSuitesSequentially(TestNG.java:1284)
	at org.testng.TestNG.runSuitesLocally(TestNG.java:1209)
	at org.testng.TestNG.runSuites(TestNG.java:1124)
	at org.testng.TestNG.run(TestNG.java:1096)
	at org.testng.remote.AbstractRemoteTestNG.run(AbstractRemoteTestNG.java:132)
	at org.testng.remote.RemoteTestNG.initAndRun(RemoteTestNG.java:236)
	at org.testng.remote.RemoteTestNG.main(RemoteTestNG.java:81)
]]>
    </error>
  </testcase> <!-- testBrowser -->
  <testcase name="testBrowser" time="0.000" classname="firstTestSelenium.NewTest">
    <error type="java.lang.Exception" message="Browser is not correct">
      <![CDATA[java.lang.Exception: Browser is not correct
	at firstTestSelenium.NewTest.testBrowser(NewTest.java:54)
	at sun.reflect.NativeMethodAccessorImpl.invoke0(Native Method)
	at sun.reflect.NativeMethodAccessorImpl.invoke(Unknown Source)
	at sun.reflect.DelegatingMethodAccessorImpl.invoke(Unknown Source)
	at java.lang.reflect.Method.invoke(Unknown Source)
	at org.testng.internal.MethodInvocationHelper.invokeMethod(MethodInvocationHelper.java:100)
	at org.testng.internal.Invoker.invokeConfigurationMethod(Invoker.java:515)
	at org.testng.internal.Invoker.invokeConfigurations(Invoker.java:216)
	at org.testng.internal.Invoker.invokeMethod(Invoker.java:590)
	at org.testng.internal.Invoker.invokeTestMethod(Invoker.java:811)
	at org.testng.internal.Invoker.invokeTestMethods(Invoker.java:1137)
	at org.testng.internal.TestMethodWorker.invokeTestMethods(TestMethodWorker.java:129)
	at org.testng.internal.TestMethodWorker.run(TestMethodWorker.java:112)
	at org.testng.TestRunner.privateRun(TestRunner.java:753)
	at org.testng.TestRunner.run(TestRunner.java:607)
	at org.testng.SuiteRunner.runTest(SuiteRunner.java:368)
	at org.testng.SuiteRunner.runSequentially(SuiteRunner.java:363)
	at org.testng.SuiteRunner.privateRun(SuiteRunner.java:321)
	at org.testng.SuiteRunner.run(SuiteRunner.java:270)
	at org.testng.SuiteRunnerWorker.runSuite(SuiteRunnerWorker.java:52)
	at org.testng.SuiteRunnerWorker.run(SuiteRunnerWorker.java:86)
	at org.testng.TestNG.runSuitesSequentially(TestNG.java:1284)
	at org.testng.TestNG.runSuitesLocally(TestNG.java:1209)
	at org.testng.TestNG.runSuites(TestNG.java:1124)
	at org.testng.TestNG.run(TestNG.java:1096)
	at org.testng.remote.AbstractRemoteTestNG.run(AbstractRemoteTestNG.java:132)
	at org.testng.remote.RemoteTestNG.initAndRun(RemoteTestNG.java:236)
	at org.testng.remote.RemoteTestNG.main(RemoteTestNG.java:81)
]]>
    </error>
  </testcase> <!-- testBrowser -->
  <testcase name="f" time="0.001" classname="firstTestSelenium.NewTest">
    <skipped/>
  </testcase> <!-- f -->
  <testcase name="testBrowser" time="0.000" classname="firstTestSelenium.NewTest">
    <error type="org.openqa.selenium.WebDriverException" message="Failed to connect to binary FirefoxBinary(C:\Program Files (x86)\Mozilla Firefox\firefox.exe) on port 7055; process output follows: 
irefox\browser\features\e10srollout@mozilla.org.xpi
1479807135484	addons.xpi	DEBUG	Calling bootstrap method startup on e10srollout@mozilla.org version 1.5
1479807135484	addons.xpi	DEBUG	Registering manifest for C:\Program Files (x86)\Mozilla Firefox\browser\features\firefox@getpocket.com.xpi
1479807135485	addons.xpi	DEBUG	Calling bootstrap method startup on firefox@getpocket.com version 1.0.5
1479807135486	addons.xpi	DEBUG	Registering manifest for C:\Program Files (x86)\Mozilla Firefox\browser\features\webcompat@mozilla.org.xpi
1479807135486	addons.xpi	DEBUG	Calling bootstrap method startup on webcompat@mozilla.org version 1.0
1479807135490	addons.manager	DEBUG	Registering shutdown blocker for XPIProvider
1479807135491	addons.manager	DEBUG	Provider finished startup: XPIProvider
1479807135492	addons.manager	DEBUG	Starting provider: LightweightThemeManager
1479807135492	addons.manager	DEBUG	Registering shutdown blocker for LightweightThemeManager
1479807135492	addons.manager	DEBUG	Provider finished startup: LightweightThemeManager
1479807135493	addons.manager	DEBUG	Starting provider: GMPProvider
1479807135500	addons.manager	DEBUG	Registering shutdown blocker for GMPProvider
1479807135501	addons.manager	DEBUG	Provider finished startup: GMPProvider
1479807135501	addons.manager	DEBUG	Starting provider: PluginProvider
1479807135501	addons.manager	DEBUG	Registering shutdown blocker for PluginProvider
1479807135502	addons.manager	DEBUG	Provider finished startup: PluginProvider
1479807135502	addons.manager	DEBUG	Completed startup sequence
1479807136244	addons.manager	DEBUG	Starting provider: &lt;unnamed-provider&gt;
1479807136244	addons.manager	DEBUG	Registering shutdown blocker for &lt;unnamed-provider&gt;
1479807136244	addons.manager	DEBUG	Provider finished startup: &lt;unnamed-provider&gt;
1479807137362	DeferredSave.extensions.json	DEBUG	Write succeeded
1479807137362	addons.xpi-utils	DEBUG	XPI Database saved, setting schema version preference to 17
1479807137362	DeferredSave.extensions.json	DEBUG	Starting timer
1479807137378	addons.repository	DEBUG	No addons.json found.
1479807137379	DeferredSave.addons.json	DEBUG	Save changes
1479807137382	DeferredSave.addons.json	DEBUG	Starting timer
1479807137746	addons.manager	DEBUG	Starting provider: PreviousExperimentProvider
1479807137746	addons.manager	DEBUG	Registering shutdown blocker for PreviousExperimentProvider
1479807137746	addons.manager	DEBUG	Provider finished startup: PreviousExperimentProvider
1479807137750	DeferredSave.extensions.json	DEBUG	Starting write
1479807137751	DeferredSave.addons.json	DEBUG	Starting write
1479807138138	DeferredSave.extensions.json	DEBUG	Write succeeded
1479807138143	DeferredSave.addons.json	DEBUG	Write succeeded
1479807155299	addons.xpi	DEBUG	Calling bootstrap method shutdown on aushelper@mozilla.org version 1.0
1479807155300	addons.xpi	DEBUG	Calling bootstrap method shutdown on e10srollout@mozilla.org version 1.5
1479807155300	addons.xpi	DEBUG	Calling bootstrap method shutdown on firefox@getpocket.com version 1.0.5
1479807155301	addons.xpi	DEBUG	Calling bootstrap method shutdown on webcompat@mozilla.org version 1.0
[Child 10668] WARNING: pipe error: 109: file c:/builds/moz2_slave/m-rel-w32-00000000000000000000/build/src/ipc/chromium/src/chrome/common/ipc_channel_win.cc, line 346
1479807155763	addons.manager	DEBUG	shutdown
1479807155763	addons.manager	DEBUG	Calling shutdown blocker for XPIProvider
1479807155763	addons.xpi	DEBUG	shutdown
1479807155763	addons.xpi-utils	DEBUG	shutdown
1479807155764	addons.manager	DEBUG	Calling shutdown blocker for LightweightThemeManager
1479807155765	addons.manager	DEBUG	Calling shutdown blocker for GMPProvider
1479807155767	addons.manager	DEBUG	Calling shutdown blocker for PluginProvider
1479807155767	addons.manager	DEBUG	Calling shutdown blocker for &lt;unnamed-provider&gt;
1479807155769	addons.manager	DEBUG	Calling shutdown blocker for PreviousExperimentProvider
1479807155773	addons.xpi	DEBUG	Notifying XPI shutdown observers
1479807155778	addons.manager	DEBUG	Async provider shutdown done

Build info: version: &#039;3.0.1&#039;, revision: &#039;1969d75&#039;, time: &#039;2016-10-18 09:49:13 -0700&#039;
System info: host: &#039;IP-C6136007&#039;, ip: &#039;172.16.1.113&#039;, os.name: &#039;Windows Server 2008 R2&#039;, os.arch: &#039;amd64&#039;, os.version: &#039;6.1&#039;, java.version: &#039;1.8.0_111&#039;
Driver info: driver.version: FirefoxDriver">
      <![CDATA[org.openqa.selenium.WebDriverException: Failed to connect to binary FirefoxBinary(C:\Program Files (x86)\Mozilla Firefox\firefox.exe) on port 7055; process output follows: 
irefox\browser\features\e10srollout@mozilla.org.xpi
1479807135484	addons.xpi	DEBUG	Calling bootstrap method startup on e10srollout@mozilla.org version 1.5
1479807135484	addons.xpi	DEBUG	Registering manifest for C:\Program Files (x86)\Mozilla Firefox\browser\features\firefox@getpocket.com.xpi
1479807135485	addons.xpi	DEBUG	Calling bootstrap method startup on firefox@getpocket.com version 1.0.5
1479807135486	addons.xpi	DEBUG	Registering manifest for C:\Program Files (x86)\Mozilla Firefox\browser\features\webcompat@mozilla.org.xpi
1479807135486	addons.xpi	DEBUG	Calling bootstrap method startup on webcompat@mozilla.org version 1.0
1479807135490	addons.manager	DEBUG	Registering shutdown blocker for XPIProvider
1479807135491	addons.manager	DEBUG	Provider finished startup: XPIProvider
1479807135492	addons.manager	DEBUG	Starting provider: LightweightThemeManager
1479807135492	addons.manager	DEBUG	Registering shutdown blocker for LightweightThemeManager
1479807135492	addons.manager	DEBUG	Provider finished startup: LightweightThemeManager
1479807135493	addons.manager	DEBUG	Starting provider: GMPProvider
1479807135500	addons.manager	DEBUG	Registering shutdown blocker for GMPProvider
1479807135501	addons.manager	DEBUG	Provider finished startup: GMPProvider
1479807135501	addons.manager	DEBUG	Starting provider: PluginProvider
1479807135501	addons.manager	DEBUG	Registering shutdown blocker for PluginProvider
1479807135502	addons.manager	DEBUG	Provider finished startup: PluginProvider
1479807135502	addons.manager	DEBUG	Completed startup sequence
1479807136244	addons.manager	DEBUG	Starting provider: <unnamed-provider>
1479807136244	addons.manager	DEBUG	Registering shutdown blocker for <unnamed-provider>
1479807136244	addons.manager	DEBUG	Provider finished startup: <unnamed-provider>
1479807137362	DeferredSave.extensions.json	DEBUG	Write succeeded
1479807137362	addons.xpi-utils	DEBUG	XPI Database saved, setting schema version preference to 17
1479807137362	DeferredSave.extensions.json	DEBUG	Starting timer
1479807137378	addons.repository	DEBUG	No addons.json found.
1479807137379	DeferredSave.addons.json	DEBUG	Save changes
1479807137382	DeferredSave.addons.json	DEBUG	Starting timer
1479807137746	addons.manager	DEBUG	Starting provider: PreviousExperimentProvider
1479807137746	addons.manager	DEBUG	Registering shutdown blocker for PreviousExperimentProvider
1479807137746	addons.manager	DEBUG	Provider finished startup: PreviousExperimentProvider
1479807137750	DeferredSave.extensions.json	DEBUG	Starting write
1479807137751	DeferredSave.addons.json	DEBUG	Starting write
1479807138138	DeferredSave.extensions.json	DEBUG	Write succeeded
1479807138143	DeferredSave.addons.json	DEBUG	Write succeeded
1479807155299	addons.xpi	DEBUG	Calling bootstrap method shutdown on aushelper@mozilla.org version 1.0
1479807155300	addons.xpi	DEBUG	Calling bootstrap method shutdown on e10srollout@mozilla.org version 1.5
1479807155300	addons.xpi	DEBUG	Calling bootstrap method shutdown on firefox@getpocket.com version 1.0.5
1479807155301	addons.xpi	DEBUG	Calling bootstrap method shutdown on webcompat@mozilla.org version 1.0
[Child 10668] WARNING: pipe error: 109: file c:/builds/moz2_slave/m-rel-w32-00000000000000000000/build/src/ipc/chromium/src/chrome/common/ipc_channel_win.cc, line 346
1479807155763	addons.manager	DEBUG	shutdown
1479807155763	addons.manager	DEBUG	Calling shutdown blocker for XPIProvider
1479807155763	addons.xpi	DEBUG	shutdown
1479807155763	addons.xpi-utils	DEBUG	shutdown
1479807155764	addons.manager	DEBUG	Calling shutdown blocker for LightweightThemeManager
1479807155765	addons.manager	DEBUG	Calling shutdown blocker for GMPProvider
1479807155767	addons.manager	DEBUG	Calling shutdown blocker for PluginProvider
1479807155767	addons.manager	DEBUG	Calling shutdown blocker for <unnamed-provider>
1479807155769	addons.manager	DEBUG	Calling shutdown blocker for PreviousExperimentProvider
1479807155773	addons.xpi	DEBUG	Notifying XPI shutdown observers
1479807155778	addons.manager	DEBUG	Async provider shutdown done

Build info: version: '3.0.1', revision: '1969d75', time: '2016-10-18 09:49:13 -0700'
System info: host: 'IP-C6136007', ip: '172.16.1.113', os.name: 'Windows Server 2008 R2', os.arch: 'amd64', os.version: '6.1', java.version: '1.8.0_111'
Driver info: driver.version: FirefoxDriver
	at org.openqa.selenium.firefox.internal.NewProfileExtensionConnection.start(NewProfileExtensionConnection.java:125)
	at org.openqa.selenium.firefox.FirefoxDriver.startClient(FirefoxDriver.java:347)
	at org.openqa.selenium.remote.RemoteWebDriver.<init>(RemoteWebDriver.java:116)
	at org.openqa.selenium.firefox.FirefoxDriver.<init>(FirefoxDriver.java:259)
	at org.openqa.selenium.firefox.FirefoxDriver.<init>(FirefoxDriver.java:247)
	at org.openqa.selenium.firefox.FirefoxDriver.<init>(FirefoxDriver.java:242)
	at org.openqa.selenium.firefox.FirefoxDriver.<init>(FirefoxDriver.java:238)
	at org.openqa.selenium.firefox.FirefoxDriver.<init>(FirefoxDriver.java:127)
	at firstTestSelenium.NewTest.testBrowser(NewTest.java:27)
	at sun.reflect.NativeMethodAccessorImpl.invoke0(Native Method)
	at sun.reflect.NativeMethodAccessorImpl.invoke(Unknown Source)
	at sun.reflect.DelegatingMethodAccessorImpl.invoke(Unknown Source)
	at java.lang.reflect.Method.invoke(Unknown Source)
	at org.testng.internal.MethodInvocationHelper.invokeMethod(MethodInvocationHelper.java:100)
	at org.testng.internal.Invoker.invokeConfigurationMethod(Invoker.java:515)
	at org.testng.internal.Invoker.invokeConfigurations(Invoker.java:216)
	at org.testng.internal.Invoker.invokeMethod(Invoker.java:590)
	at org.testng.internal.Invoker.invokeTestMethod(Invoker.java:811)
	at org.testng.internal.Invoker.invokeTestMethods(Invoker.java:1137)
	at org.testng.internal.TestMethodWorker.invokeTestMethods(TestMethodWorker.java:129)
	at org.testng.internal.TestMethodWorker.run(TestMethodWorker.java:112)
	at org.testng.TestRunner.privateRun(TestRunner.java:753)
	at org.testng.TestRunner.run(TestRunner.java:607)
	at org.testng.SuiteRunner.runTest(SuiteRunner.java:368)
	at org.testng.SuiteRunner.runSequentially(SuiteRunner.java:363)
	at org.testng.SuiteRunner.privateRun(SuiteRunner.java:321)
	at org.testng.SuiteRunner.run(SuiteRunner.java:270)
	at org.testng.SuiteRunnerWorker.runSuite(SuiteRunnerWorker.java:52)
	at org.testng.SuiteRunnerWorker.run(SuiteRunnerWorker.java:86)
	at org.testng.TestNG.runSuitesSequentially(TestNG.java:1284)
	at org.testng.TestNG.runSuitesLocally(TestNG.java:1209)
	at org.testng.TestNG.runSuites(TestNG.java:1124)
	at org.testng.TestNG.run(TestNG.java:1096)
	at org.testng.remote.AbstractRemoteTestNG.run(AbstractRemoteTestNG.java:132)
	at org.testng.remote.RemoteTestNG.initAndRun(RemoteTestNG.java:236)
	at org.testng.remote.RemoteTestNG.main(RemoteTestNG.java:81)
Caused by: org.openqa.selenium.firefox.NotConnectedException: Unable to connect to host 127.0.0.1 on port 7055 after 45000 ms. Firefox console output:
irefox\browser\features\e10srollout@mozilla.org.xpi
1479807135484	addons.xpi	DEBUG	Calling bootstrap method startup on e10srollout@mozilla.org version 1.5
1479807135484	addons.xpi	DEBUG	Registering manifest for C:\Program Files (x86)\Mozilla Firefox\browser\features\firefox@getpocket.com.xpi
1479807135485	addons.xpi	DEBUG	Calling bootstrap method startup on firefox@getpocket.com version 1.0.5
1479807135486	addons.xpi	DEBUG	Registering manifest for C:\Program Files (x86)\Mozilla Firefox\browser\features\webcompat@mozilla.org.xpi
1479807135486	addons.xpi	DEBUG	Calling bootstrap method startup on webcompat@mozilla.org version 1.0
1479807135490	addons.manager	DEBUG	Registering shutdown blocker for XPIProvider
1479807135491	addons.manager	DEBUG	Provider finished startup: XPIProvider
1479807135492	addons.manager	DEBUG	Starting provider: LightweightThemeManager
1479807135492	addons.manager	DEBUG	Registering shutdown blocker for LightweightThemeManager
1479807135492	addons.manager	DEBUG	Provider finished startup: LightweightThemeManager
1479807135493	addons.manager	DEBUG	Starting provider: GMPProvider
1479807135500	addons.manager	DEBUG	Registering shutdown blocker for GMPProvider
1479807135501	addons.manager	DEBUG	Provider finished startup: GMPProvider
1479807135501	addons.manager	DEBUG	Starting provider: PluginProvider
1479807135501	addons.manager	DEBUG	Registering shutdown blocker for PluginProvider
1479807135502	addons.manager	DEBUG	Provider finished startup: PluginProvider
1479807135502	addons.manager	DEBUG	Completed startup sequence
1479807136244	addons.manager	DEBUG	Starting provider: <unnamed-provider>
1479807136244	addons.manager	DEBUG	Registering shutdown blocker for <unnamed-provider>
1479807136244	addons.manager	DEBUG	Provider finished startup: <unnamed-provider>
1479807137362	DeferredSave.extensions.json	DEBUG	Write succeeded
1479807137362	addons.xpi-utils	DEBUG	XPI Database saved, setting schema version preference to 17
1479807137362	DeferredSave.extensions.json	DEBUG	Starting timer
1479807137378	addons.repository	DEBUG	No addons.json found.
1479807137379	DeferredSave.addons.json	DEBUG	Save changes
1479807137382	DeferredSave.addons.json	DEBUG	Starting timer
1479807137746	addons.manager	DEBUG	Starting provider: PreviousExperimentProvider
1479807137746	addons.manager	DEBUG	Registering shutdown blocker for PreviousExperimentProvider
1479807137746	addons.manager	DEBUG	Provider finished startup: PreviousExperimentProvider
1479807137750	DeferredSave.extensions.json	DEBUG	Starting write
1479807137751	DeferredSave.addons.json	DEBUG	Starting write
1479807138138	DeferredSave.extensions.json	DEBUG	Write succeeded
1479807138143	DeferredSave.addons.json	DEBUG	Write succeeded
1479807155299	addons.xpi	DEBUG	Calling bootstrap method shutdown on aushelper@mozilla.org version 1.0
1479807155300	addons.xpi	DEBUG	Calling bootstrap method shutdown on e10srollout@mozilla.org version 1.5
1479807155300	addons.xpi	DEBUG	Calling bootstrap method shutdown on firefox@getpocket.com version 1.0.5
1479807155301	addons.xpi	DEBUG	Calling bootstrap method shutdown on webcompat@mozilla.org version 1.0
[Child 10668] WARNING: pipe error: 109: file c:/builds/moz2_slave/m-rel-w32-00000000000000000000/build/src/ipc/chromium/src/chrome/common/ipc_channel_win.cc, line 346
1479807155763	addons.manager	DEBUG	shutdown
1479807155763	addons.manager	DEBUG	Calling shutdown blocker for XPIProvider
1479807155763	addons.xpi	DEBUG	shutdown
1479807155763	addons.xpi-utils	DEBUG	shutdown
1479807155764	addons.manager	DEBUG	Calling shutdown blocker for LightweightThemeManager
1479807155765	addons.manager	DEBUG	Calling shutdown blocker for GMPProvider
1479807155767	addons.manager	DEBUG	Calling shutdown blocker for PluginProvider
1479807155767	addons.manager	DEBUG	Calling shutdown blocker for <unnamed-provider>
1479807155769	addons.manager	DEBUG	Calling shutdown blocker for PreviousExperimentProvider
1479807155773	addons.xpi	DEBUG	Notifying XPI shutdown observers
1479807155778	addons.manager	DEBUG	Async provider shutdown done

	at org.openqa.selenium.firefox.internal.NewProfileExtensionConnection.start(NewProfileExtensionConnection.java:113)
	... 35 more
]]>
    </error>
  </testcase> <!-- testBrowser -->
  <testcase name="f" time="0.003" classname="firstTestSelenium.NewTest">
    <skipped/>
  </testcase> <!-- f -->
</testsuite> <!-- firstTestSelenium.NewTest -->
